<?xml version="1.0" encoding="UTF-8"?>
<!-- Generated by org.testng.reporters.JUnitReportReporter -->
<testsuite hostname="DESKTOP-2VBBHL1" failures="0" tests="2" name="POMDriverFactory.TestScript" time="29.446" errors="0" timestamp="2025-03-03T20:09:13 IST" skipped="0">
  <testcase classname="POMDriverFactory.TestScript" name="usercreation" time="13.037"/>
  <testcase classname="POMDriverFactory.TestScript" name="employeecreation" time="16.409"/>
</testsuite> <!-- POMDriverFactory.TestScript -->
